2026-01-30 01:00:05,988 - werkzeug - INFO - [31m[1mWARNING: This is a development server. Do not use it in a production deployment. Use a production WSGI server instead.[0m
 * Running on all addresses (0.0.0.0)
 * Running on http://127.0.0.1:5000
 * Running on http://10.121.104.152:5000
2026-01-30 01:00:05,989 - werkzeug - INFO - [33mPress CTRL+C to quit[0m
2026-01-30 01:00:06,004 - werkzeug - INFO -  * Restarting with watchdog (windowsapi)
2026-01-30 01:00:07,053 - werkzeug - WARNING -  * Debugger is active!
2026-01-30 01:00:07,057 - werkzeug - INFO -  * Debugger PIN: 757-214-264
2026-01-30 01:00:15,181 - werkzeug - INFO -  * Detected change in 'C:\\Users\\POOJA GUPTA\\AppData\\Local\\Programs\\Python\\Python310\\Lib\\logging\\__init__.py', reloading
2026-01-30 01:00:15,380 - app.services.pptx_service - INFO - 
================================================================================
2026-01-30 01:00:15,541 - werkzeug - INFO -  * Restarting with watchdog (windowsapi)
2026-01-30 01:00:16,716 - werkzeug - WARNING -  * Debugger is active!
2026-01-30 01:00:16,721 - werkzeug - INFO -  * Debugger PIN: 757-214-264
2026-01-30 01:00:16,794 - app.services.pptx_service - INFO - 
================================================================================
2026-01-30 01:00:16,796 - app.services.pptx_service - INFO - ================================================================================
2026-01-30 01:00:16,813 - app.services.pptx_service - INFO -    Title: Introduction to Republic Day in India
2026-01-30 01:00:17,429 - werkzeug - INFO -  * Detected change in 'C:\\Users\\POOJA GUPTA\\AppData\\Local\\Programs\\Python\\Python310\\Lib\\site-packages\\pptx\\parts\\image.py', reloading
2026-01-30 01:00:17,456 - app.services.pptx_service - INFO -    Title: Deep Dive
2026-01-30 01:00:17,881 - werkzeug - INFO -  * Restarting with watchdog (windowsapi)
2026-01-30 01:00:19,018 - werkzeug - WARNING -  * Debugger is active!
2026-01-30 01:00:19,022 - werkzeug - INFO -  * Debugger PIN: 757-214-264
2026-01-30 01:00:19,094 - app.services.pptx_service - INFO - 
================================================================================
2026-01-30 01:00:19,097 - app.services.pptx_service - INFO - ================================================================================
2026-01-30 01:00:19,112 - app.services.pptx_service - INFO -    Title: Introduction to Republic Day in India
2026-01-30 01:00:19,249 - werkzeug - INFO - 127.0.0.1 - - [30/Jan/2026 01:00:19] "[35m[1mGET /favicon.ico HTTP/1.1[0m" 204 -
2026-01-30 01:00:19,491 - app.services.pptx_service - INFO -    Title: Deep Dive
2026-01-30 01:00:20,381 - app.services.pptx_service - INFO -    Title: Key Traditions and Celebrations
2026-01-30 01:00:20,895 - app.services.pptx_service - INFO - 
================================================================================
2026-01-30 01:00:20,897 - app.services.pptx_service - INFO - ================================================================================
2026-01-30 01:00:20,929 - app.services.pptx_service - INFO -    Title: Introduction to Republic Day in India
2026-01-30 01:00:21,350 - app.services.pptx_service - INFO -    Title: Deep Dive
2026-01-30 01:00:21,627 - app.services.pptx_service - INFO -    Title: Key Traditions and Celebrations
2026-01-30 01:00:22,791 - app.services.pptx_service - INFO -    Title: Cultural Significance
2026-01-30 01:00:22,811 - app.services.pptx_service - INFO -    Title: Importance of Republic Day
2026-01-30 01:00:24,455 - app.services.pptx_service - INFO -    Title: Cultural Significance
2026-01-30 01:00:24,479 - app.services.pptx_service - INFO -    Title: Importance of Republic Day
2026-01-30 01:00:24,792 - app.services.pptx_service - INFO -    Title: Process/Roadmap
2026-01-30 01:00:24,840 - werkzeug - INFO -  * Detected change in 'C:\\Users\\POOJA GUPTA\\AppData\\Local\\Programs\\Python\\Python310\\Lib\\enum.py', reloading
2026-01-30 01:00:24,878 - app.services.pptx_service - INFO -    Title: Global Recognition
2026-01-30 01:00:25,316 - werkzeug - INFO -  * Restarting with watchdog (windowsapi)
2026-01-30 01:00:26,337 - werkzeug - WARNING -  * Debugger is active!
2026-01-30 01:00:26,344 - werkzeug - INFO -  * Debugger PIN: 757-214-264
2026-01-30 01:00:26,428 - app.services.pptx_service - INFO - 
================================================================================
2026-01-30 01:00:26,430 - app.services.pptx_service - INFO - ================================================================================
2026-01-30 01:00:26,446 - app.services.pptx_service - INFO -    Title: Introduction to Republic Day in India
2026-01-30 01:00:26,800 - app.services.pptx_service - INFO -    Title: Deep Dive
2026-01-30 01:00:27,205 - app.services.pptx_service - INFO -    Title: Key Traditions and Celebrations
2026-01-30 01:00:29,883 - app.services.pptx_service - INFO -    Title: Cultural Significance
2026-01-30 01:00:29,910 - app.services.pptx_service - INFO -    Title: Importance of Republic Day
2026-01-30 01:00:32,347 - app.services.pptx_service - INFO -    Title: Process/Roadmap
2026-01-30 01:00:32,366 - app.services.pptx_service - INFO -    Title: Global Recognition
2026-01-30 01:00:33,105 - app.services.pptx_service - INFO -    Title: Conclusion
2026-01-30 01:00:33,383 - app.services.pptx_service - INFO - ================================================================================
2026-01-30 01:00:33,391 - app.services.pptx_service - INFO - ================================================================================

2026-01-30 01:00:33,397 - werkzeug - INFO - 127.0.0.1 - - [30/Jan/2026 01:00:33] "GET /api/presentations/231/download/pptx HTTP/1.1" 200 -
2026-01-30 01:00:38,449 - app.services.pptx_service - INFO - 
================================================================================
2026-01-30 01:00:38,451 - app.services.pptx_service - INFO - ================================================================================
2026-01-30 01:00:38,480 - app.services.pptx_service - INFO -    Title: Introduction to Republic Day in India
2026-01-30 01:00:38,910 - app.services.pptx_service - INFO -    Title: Deep Dive
2026-01-30 01:00:39,149 - app.services.pptx_service - INFO -    Title: Key Traditions and Celebrations
2026-01-30 01:00:41,350 - app.services.pptx_service - INFO -    Title: Cultural Significance
2026-01-30 01:00:41,377 - app.services.pptx_service - INFO -    Title: Importance of Republic Day
2026-01-30 01:00:44,328 - app.services.pptx_service - INFO -    Title: Process/Roadmap
2026-01-30 01:00:44,347 - app.services.pptx_service - INFO -    Title: Global Recognition
2026-01-30 01:00:45,255 - app.services.pptx_service - INFO -    Title: Conclusion
2026-01-30 01:00:45,545 - app.services.pptx_service - INFO - ================================================================================
2026-01-30 01:00:45,550 - app.services.pptx_service - INFO - ================================================================================

2026-01-30 01:00:45,558 - werkzeug - INFO - 127.0.0.1 - - [30/Jan/2026 01:00:45] "GET /api/presentations/231/download/pptx HTTP/1.1" 200 -
2026-01-30 01:00:58,132 - werkzeug - INFO - 127.0.0.1 - - [30/Jan/2026 01:00:58] "[35m[1mGET /favicon.ico HTTP/1.1[0m" 204 -
2026-01-30 01:01:02,200 - app.services.pptx_service - INFO - 
================================================================================
2026-01-30 01:01:02,208 - app.services.pptx_service - INFO - ================================================================================
2026-01-30 01:01:02,241 - app.services.pptx_service - INFO -    Title: Introduction to Republic Day in India
2026-01-30 01:01:02,494 - app.services.pptx_service - INFO -    Title: Deep Dive
2026-01-30 01:01:02,780 - app.services.pptx_service - INFO -    Title: Key Traditions and Celebrations
2026-01-30 01:01:05,117 - app.services.pptx_service - INFO -    Title: Cultural Significance
2026-01-30 01:01:05,140 - app.services.pptx_service - INFO -    Title: Importance of Republic Day
2026-01-30 01:01:08,092 - app.services.pptx_service - INFO -    Title: Process/Roadmap
2026-01-30 01:01:08,108 - app.services.pptx_service - INFO -    Title: Global Recognition
2026-01-30 01:01:08,959 - app.services.pptx_service - INFO -    Title: Conclusion
2026-01-30 01:01:09,168 - app.services.pptx_service - INFO - ================================================================================
2026-01-30 01:01:09,172 - app.services.pptx_service - INFO - ================================================================================

2026-01-30 01:01:09,178 - werkzeug - INFO - 127.0.0.1 - - [30/Jan/2026 01:01:09] "GET /api/presentations/231/download/pptx HTTP/1.1" 200 -
2026-01-30 07:20:54,998 - services.pptx_service - INFO - 🚀 PPTXService initialized
2026-01-30 07:20:54,998 - services.pptx_service - INFO - 🔧 Original URL: https://example.com/api/prompt/hello world&test=1
2026-01-30 07:20:54,998 - services.pptx_service - INFO - ✅ Sanitized URL: https://example.com/api/prompt/hello%20world%26test%3D1
2026-01-30 07:21:16,318 - services.pptx_service - INFO - 🚀 PPTXService initialized
2026-01-30 07:21:16,318 - services.pptx_service - INFO - 
================================================================================
2026-01-30 07:21:16,318 - services.pptx_service - INFO - 🎨 STARTING PRESENTATION GENERATION
2026-01-30 07:21:16,318 - services.pptx_service - INFO - ================================================================================
2026-01-30 07:21:16,323 - services.pptx_service - INFO - 🎨 Theme: Dialogue
2026-01-30 07:21:16,323 - services.pptx_service - INFO - 📊 Total slides to generate: 5
2026-01-30 07:21:16,323 - services.pptx_service - INFO - 
📄 Slide 1: HERO
2026-01-30 07:21:16,323 - services.pptx_service - INFO -    Title: Test Hero Slide
2026-01-30 07:21:16,327 - services.pptx_service - INFO -    ✅ Slide 1 created successfully
2026-01-30 07:21:16,327 - services.pptx_service - INFO - 
📄 Slide 2: GRID_4
2026-01-30 07:21:16,327 - services.pptx_service - INFO -    Title: Test Grid Cards
2026-01-30 07:21:16,335 - services.pptx_service - INFO -    ✅ Slide 2 created successfully
2026-01-30 07:21:16,335 - services.pptx_service - INFO - 
📄 Slide 3: ROADMAP
2026-01-30 07:21:16,335 - services.pptx_service - INFO -    Title: Test Roadmap
2026-01-30 07:21:16,336 - services.pptx_service - ERROR -    ❌ Error creating slide 3: type object 'MSO_LINE_DASH_STYLE' has no attribute 'STRAIGHT_CONNECTOR'
2026-01-30 07:21:16,338 - services.pptx_service - INFO - 
📄 Slide 4: STANDARD
2026-01-30 07:21:16,338 - services.pptx_service - INFO -    Title: Test Standard Slide
2026-01-30 07:21:16,340 - services.pptx_service - INFO -    ✅ Slide 4 created successfully
2026-01-30 07:21:16,340 - services.pptx_service - INFO - 
📄 Slide 5: QUOTE
2026-01-30 07:21:16,340 - services.pptx_service - INFO -    Title: Test Quote
2026-01-30 07:21:16,342 - services.pptx_service - INFO -    ✅ Slide 5 created successfully
2026-01-30 07:21:16,348 - services.pptx_service - INFO - ================================================================================
2026-01-30 07:21:16,348 - services.pptx_service - INFO - ✅ PRESENTATION GENERATION COMPLETED
2026-01-30 07:21:16,348 - services.pptx_service - INFO - ================================================================================

2026-01-30 07:21:16,349 - services.pptx_service - INFO - 🔧 Original URL: https://example.com/image with spaces.jpg
2026-01-30 07:21:16,349 - services.pptx_service - INFO - ✅ Sanitized URL: https://example.com/image%20with%20spaces.jpg
2026-01-30 07:21:16,349 - services.pptx_service - INFO - 🔧 Original URL: https://example.com/prompt/test&query=1
2026-01-30 07:21:16,349 - services.pptx_service - INFO - ✅ Sanitized URL: https://example.com/prompt/test%26query%3D1
2026-01-30 07:21:16,349 - services.pptx_service - INFO - 🔧 Original URL: https://example.com/normal.jpg
2026-01-30 07:21:16,349 - services.pptx_service - INFO - ✅ Sanitized URL: https://example.com/normal.jpg
2026-01-30 07:21:58,297 - services.pptx_service - INFO - 🚀 PPTXService initialized
2026-01-30 07:21:58,297 - services.pptx_service - INFO - 
================================================================================
2026-01-30 07:21:58,297 - services.pptx_service - INFO - 🎨 STARTING PRESENTATION GENERATION
2026-01-30 07:21:58,297 - services.pptx_service - INFO - ================================================================================
2026-01-30 07:21:58,302 - services.pptx_service - INFO - 🎨 Theme: Dialogue
2026-01-30 07:21:58,302 - services.pptx_service - INFO - 📊 Total slides to generate: 1
2026-01-30 07:21:58,302 - services.pptx_service - INFO - 
📄 Slide 1: QUOTE
2026-01-30 07:21:58,302 - services.pptx_service - INFO -    Title: Test Quote
2026-01-30 07:21:58,305 - services.pptx_service - INFO -    ✅ Slide 1 created successfully
2026-01-30 07:21:58,310 - services.pptx_service - INFO - ================================================================================
2026-01-30 07:21:58,310 - services.pptx_service - INFO - ✅ PRESENTATION GENERATION COMPLETED
2026-01-30 07:21:58,310 - services.pptx_service - INFO - ================================================================================

2026-01-30 07:21:58,310 - services.pptx_service - INFO - 🔧 Original URL: https://example.com/image with spaces.jpg
2026-01-30 07:21:58,310 - services.pptx_service - INFO - ✅ Sanitized URL: https://example.com/image%20with%20spaces.jpg
2026-01-30 07:21:58,310 - services.pptx_service - INFO - 🔧 Original URL: https://example.com/prompt/test&query=1
2026-01-30 07:21:58,310 - services.pptx_service - INFO - ✅ Sanitized URL: https://example.com/prompt/test%26query%3D1
2026-01-30 07:21:58,310 - services.pptx_service - INFO - 🔧 Original URL: https://example.com/prompt/hello world
2026-01-30 07:21:58,310 - services.pptx_service - INFO - ✅ Sanitized URL: https://example.com/prompt/hello%20world
2026-01-30 07:21:58,310 - services.pptx_service - INFO - 🔧 Original URL: https://example.com/normal.jpg
2026-01-30 07:21:58,310 - services.pptx_service - INFO - ✅ Sanitized URL: https://example.com/normal.jpg
2026-01-30 07:21:58,310 - services.pptx_service - INFO - 🚀 PPTXService initialized
2026-01-30 07:21:58,311 - services.pptx_service - INFO - 🚀 PPTXService initialized
2026-01-30 07:21:58,311 - services.pptx_service - INFO - 
================================================================================
2026-01-30 07:21:58,311 - services.pptx_service - INFO - 🎨 STARTING PRESENTATION GENERATION
2026-01-30 07:21:58,311 - services.pptx_service - INFO - ================================================================================
2026-01-30 07:21:58,314 - services.pptx_service - INFO - 🎨 Theme: Dialogue
2026-01-30 07:21:58,314 - services.pptx_service - INFO - 📊 Total slides to generate: 1
2026-01-30 07:21:58,315 - services.pptx_service - INFO - 
📄 Slide 1: GRID_4
2026-01-30 07:21:58,315 - services.pptx_service - INFO -    Title: Test Grid
2026-01-30 07:21:58,322 - services.pptx_service - INFO -    ✅ Slide 1 created successfully
2026-01-30 07:21:58,328 - services.pptx_service - INFO - ================================================================================
2026-01-30 07:21:58,328 - services.pptx_service - INFO - ✅ PRESENTATION GENERATION COMPLETED
2026-01-30 07:21:58,328 - services.pptx_service - INFO - ================================================================================

2026-01-30 07:21:58,328 - services.pptx_service - INFO - 🚀 PPTXService initialized
2026-01-30 07:21:58,328 - services.pptx_service - INFO - 
================================================================================
2026-01-30 07:21:58,328 - services.pptx_service - INFO - 🎨 STARTING PRESENTATION GENERATION
2026-01-30 07:21:58,328 - services.pptx_service - INFO - ================================================================================
2026-01-30 07:21:58,332 - services.pptx_service - INFO - 🎨 Theme: Dialogue
2026-01-30 07:21:58,332 - services.pptx_service - INFO - 📊 Total slides to generate: 1
2026-01-30 07:21:58,332 - services.pptx_service - INFO - 
📄 Slide 1: ROADMAP
2026-01-30 07:21:58,332 - services.pptx_service - INFO -    Title: Test Roadmap
2026-01-30 07:21:58,333 - services.pptx_service - ERROR -    ❌ Error creating slide 1: type object 'MSO_LINE_DASH_STYLE' has no attribute 'STRAIGHT_CONNECTOR'
2026-01-30 07:21:58,340 - services.pptx_service - INFO - ================================================================================
2026-01-30 07:21:58,340 - services.pptx_service - INFO - ✅ PRESENTATION GENERATION COMPLETED
2026-01-30 07:21:58,340 - services.pptx_service - INFO - ================================================================================

2026-01-30 07:21:58,340 - services.pptx_service - INFO - 🚀 PPTXService initialized
2026-01-30 07:21:58,340 - services.pptx_service - INFO - 
================================================================================
2026-01-30 07:21:58,340 - services.pptx_service - INFO - 🎨 STARTING PRESENTATION GENERATION
2026-01-30 07:21:58,340 - services.pptx_service - INFO - ================================================================================
2026-01-30 07:21:58,344 - services.pptx_service - INFO - 🎨 Theme: Dialogue
2026-01-30 07:21:58,344 - services.pptx_service - INFO - 📊 Total slides to generate: 1
2026-01-30 07:21:58,344 - services.pptx_service - INFO - 
📄 Slide 1: STANDARD
2026-01-30 07:21:58,344 - services.pptx_service - INFO -    Title: Test Standard
2026-01-30 07:21:58,346 - services.pptx_service - INFO -    ✅ Slide 1 created successfully
2026-01-30 07:21:58,351 - services.pptx_service - INFO - ================================================================================
2026-01-30 07:21:58,351 - services.pptx_service - INFO - ✅ PRESENTATION GENERATION COMPLETED
2026-01-30 07:21:58,351 - services.pptx_service - INFO - ================================================================================

2026-01-30 07:21:58,351 - services.pptx_service - INFO - 
================================================================================
2026-01-30 07:21:58,351 - services.pptx_service - INFO - 🎨 STARTING PRESENTATION GENERATION
2026-01-30 07:21:58,351 - services.pptx_service - INFO - ================================================================================
2026-01-30 07:21:58,354 - services.pptx_service - INFO - 🎨 Theme: Dialogue
2026-01-30 07:21:58,354 - services.pptx_service - INFO - 📊 Total slides to generate: 1
2026-01-30 07:21:58,354 - services.pptx_service - INFO - 
📄 Slide 1: STANDARD
2026-01-30 07:21:58,354 - services.pptx_service - INFO -    Title: Test Standard
2026-01-30 07:21:58,356 - services.pptx_service - INFO - 🔧 Original URL: https://nonexistent.example.com/image.jpg
2026-01-30 07:21:58,356 - services.pptx_service - INFO - ✅ Sanitized URL: https://nonexistent.example.com/image.jpg
2026-01-30 07:21:58,356 - services.pptx_service - INFO - ⬇️ Downloading image (attempt 1/3): https://nonexistent.example.com/image.jpg...
2026-01-30 07:21:58,358 - services.pptx_service - ERROR - ❌ Download error (attempt 1/3): HTTPSConnectionPool(host='nonexistent.example.com', port=443): Max retries exceeded with url: /image.jpg (Caused by NameResolutionError("<urllib3.connection.HTTPSConnection object at 0x7f1d00dbf980>: Failed to resolve 'nonexistent.example.com' ([Errno -5] No address associated with hostname)"))
2026-01-30 07:21:58,359 - services.pptx_service - INFO - ⬇️ Downloading image (attempt 2/3): https://nonexistent.example.com/image.jpg...
2026-01-30 07:21:58,360 - services.pptx_service - ERROR - ❌ Download error (attempt 2/3): HTTPSConnectionPool(host='nonexistent.example.com', port=443): Max retries exceeded with url: /image.jpg (Caused by NameResolutionError("<urllib3.connection.HTTPSConnection object at 0x7f1d00dbcc80>: Failed to resolve 'nonexistent.example.com' ([Errno -5] No address associated with hostname)"))
2026-01-30 07:21:58,360 - services.pptx_service - INFO - ⬇️ Downloading image (attempt 3/3): https://nonexistent.example.com/image.jpg...
2026-01-30 07:21:58,361 - services.pptx_service - ERROR - ❌ Download error (attempt 3/3): HTTPSConnectionPool(host='nonexistent.example.com', port=443): Max retries exceeded with url: /image.jpg (Caused by NameResolutionError("<urllib3.connection.HTTPSConnection object at 0x7f1d00dbe1b0>: Failed to resolve 'nonexistent.example.com' ([Errno -5] No address associated with hostname)"))
2026-01-30 07:21:58,361 - services.pptx_service - ERROR - ❌ Failed to download image after 3 attempts: https://nonexistent.example.com/image.jpg...
2026-01-30 07:21:58,361 - services.pptx_service - INFO -    ✅ Slide 1 created successfully
2026-01-30 07:21:58,366 - services.pptx_service - INFO - ================================================================================
2026-01-30 07:21:58,366 - services.pptx_service - INFO - ✅ PRESENTATION GENERATION COMPLETED
2026-01-30 07:21:58,366 - services.pptx_service - INFO - ================================================================================

2026-01-30 07:21:58,366 - services.pptx_service - INFO - 🚀 PPTXService initialized
2026-01-30 07:25:09,139 - services.pptx_service - INFO - 🚀 PPTXService initialized
2026-01-30 07:25:09,139 - services.pptx_service - INFO - 
================================================================================
2026-01-30 07:25:09,140 - services.pptx_service - INFO - 🎨 STARTING PRESENTATION GENERATION
2026-01-30 07:25:09,140 - services.pptx_service - INFO - ================================================================================
2026-01-30 07:25:09,145 - services.pptx_service - INFO - 🎨 Theme: Dialogue
2026-01-30 07:25:09,145 - services.pptx_service - INFO - 📊 Total slides to generate: 1
2026-01-30 07:25:09,145 - services.pptx_service - INFO - 
📄 Slide 1: QUOTE
2026-01-30 07:25:09,145 - services.pptx_service - INFO -    Title: Test Quote
2026-01-30 07:25:09,148 - services.pptx_service - INFO -    ✅ Slide 1 created successfully
2026-01-30 07:25:09,154 - services.pptx_service - INFO - ================================================================================
2026-01-30 07:25:09,154 - services.pptx_service - INFO - ✅ PRESENTATION GENERATION COMPLETED
2026-01-30 07:25:09,154 - services.pptx_service - INFO - ================================================================================

2026-01-30 07:25:09,154 - services.pptx_service - INFO - 🔧 Original URL: https://example.com/image with spaces.jpg
2026-01-30 07:25:09,154 - services.pptx_service - INFO - ✅ Sanitized URL: https://example.com/image%20with%20spaces.jpg
2026-01-30 07:25:09,155 - services.pptx_service - INFO - 🔧 Original URL: https://example.com/prompt/test&query=1
2026-01-30 07:25:09,155 - services.pptx_service - INFO - ✅ Sanitized URL: https://example.com/prompt/test%26query%3D1
2026-01-30 07:25:09,155 - services.pptx_service - INFO - 🔧 Original URL: https://example.com/prompt/hello world
2026-01-30 07:25:09,155 - services.pptx_service - INFO - ✅ Sanitized URL: https://example.com/prompt/hello%20world
2026-01-30 07:25:09,155 - services.pptx_service - INFO - 🔧 Original URL: https://example.com/normal.jpg
2026-01-30 07:25:09,155 - services.pptx_service - INFO - ✅ Sanitized URL: https://example.com/normal.jpg
2026-01-30 07:25:09,155 - services.pptx_service - INFO - 🚀 PPTXService initialized
2026-01-30 07:25:09,155 - services.pptx_service - INFO - 🚀 PPTXService initialized
2026-01-30 07:25:09,155 - services.pptx_service - INFO - 
================================================================================
2026-01-30 07:25:09,155 - services.pptx_service - INFO - 🎨 STARTING PRESENTATION GENERATION
2026-01-30 07:25:09,155 - services.pptx_service - INFO - ================================================================================
2026-01-30 07:25:09,159 - services.pptx_service - INFO - 🎨 Theme: Dialogue
2026-01-30 07:25:09,159 - services.pptx_service - INFO - 📊 Total slides to generate: 1
2026-01-30 07:25:09,159 - services.pptx_service - INFO - 
📄 Slide 1: GRID_4
2026-01-30 07:25:09,159 - services.pptx_service - INFO -    Title: Test Grid
2026-01-30 07:25:09,167 - services.pptx_service - INFO -    ✅ Slide 1 created successfully
2026-01-30 07:25:09,173 - services.pptx_service - INFO - ================================================================================
2026-01-30 07:25:09,173 - services.pptx_service - INFO - ✅ PRESENTATION GENERATION COMPLETED
2026-01-30 07:25:09,173 - services.pptx_service - INFO - ================================================================================

2026-01-30 07:25:09,173 - services.pptx_service - INFO - 🚀 PPTXService initialized
2026-01-30 07:25:09,173 - services.pptx_service - INFO - 
================================================================================
2026-01-30 07:25:09,173 - services.pptx_service - INFO - 🎨 STARTING PRESENTATION GENERATION
2026-01-30 07:25:09,173 - services.pptx_service - INFO - ================================================================================
2026-01-30 07:25:09,177 - services.pptx_service - INFO - 🎨 Theme: Dialogue
2026-01-30 07:25:09,177 - services.pptx_service - INFO - 📊 Total slides to generate: 1
2026-01-30 07:25:09,177 - services.pptx_service - INFO - 
📄 Slide 1: ROADMAP
2026-01-30 07:25:09,177 - services.pptx_service - INFO -    Title: Test Roadmap
2026-01-30 07:25:09,178 - services.pptx_service - ERROR -    ❌ Error creating slide 1: type object 'MSO_LINE_DASH_STYLE' has no attribute 'STRAIGHT_CONNECTOR'
2026-01-30 07:25:09,185 - services.pptx_service - INFO - ================================================================================
2026-01-30 07:25:09,185 - services.pptx_service - INFO - ✅ PRESENTATION GENERATION COMPLETED
2026-01-30 07:25:09,185 - services.pptx_service - INFO - ================================================================================

2026-01-30 07:25:09,185 - services.pptx_service - INFO - 🚀 PPTXService initialized
2026-01-30 07:25:09,185 - services.pptx_service - INFO - 
================================================================================
2026-01-30 07:25:09,185 - services.pptx_service - INFO - 🎨 STARTING PRESENTATION GENERATION
2026-01-30 07:25:09,185 - services.pptx_service - INFO - ================================================================================
2026-01-30 07:25:09,189 - services.pptx_service - INFO - 🎨 Theme: Dialogue
2026-01-30 07:25:09,189 - services.pptx_service - INFO - 📊 Total slides to generate: 1
2026-01-30 07:25:09,189 - services.pptx_service - INFO - 
📄 Slide 1: STANDARD
2026-01-30 07:25:09,189 - services.pptx_service - INFO -    Title: Test Standard
2026-01-30 07:25:09,191 - services.pptx_service - INFO -    ✅ Slide 1 created successfully
2026-01-30 07:25:09,196 - services.pptx_service - INFO - ================================================================================
2026-01-30 07:25:09,196 - services.pptx_service - INFO - ✅ PRESENTATION GENERATION COMPLETED
2026-01-30 07:25:09,196 - services.pptx_service - INFO - ================================================================================

2026-01-30 07:25:09,196 - services.pptx_service - INFO - 
================================================================================
2026-01-30 07:25:09,196 - services.pptx_service - INFO - 🎨 STARTING PRESENTATION GENERATION
2026-01-30 07:25:09,196 - services.pptx_service - INFO - ================================================================================
2026-01-30 07:25:09,200 - services.pptx_service - INFO - 🎨 Theme: Dialogue
2026-01-30 07:25:09,200 - services.pptx_service - INFO - 📊 Total slides to generate: 1
2026-01-30 07:25:09,200 - services.pptx_service - INFO - 
📄 Slide 1: STANDARD
2026-01-30 07:25:09,200 - services.pptx_service - INFO -    Title: Test Standard
2026-01-30 07:25:09,202 - services.pptx_service - INFO - 🔧 Original URL: https://nonexistent.example.com/image.jpg
2026-01-30 07:25:09,202 - services.pptx_service - INFO - ✅ Sanitized URL: https://nonexistent.example.com/image.jpg
2026-01-30 07:25:09,202 - services.pptx_service - INFO - ⬇️ Downloading image (attempt 1/3): https://nonexistent.example.com/image.jpg...
2026-01-30 07:25:09,204 - services.pptx_service - ERROR - ❌ Download error (attempt 1/3): HTTPSConnectionPool(host='nonexistent.example.com', port=443): Max retries exceeded with url: /image.jpg (Caused by NameResolutionError("<urllib3.connection.HTTPSConnection object at 0x7efc3912ff20>: Failed to resolve 'nonexistent.example.com' ([Errno -5] No address associated with hostname)"))
2026-01-30 07:25:09,204 - services.pptx_service - INFO - ⬇️ Downloading image (attempt 2/3): https://nonexistent.example.com/image.jpg...
2026-01-30 07:25:09,205 - services.pptx_service - ERROR - ❌ Download error (attempt 2/3): HTTPSConnectionPool(host='nonexistent.example.com', port=443): Max retries exceeded with url: /image.jpg (Caused by NameResolutionError("<urllib3.connection.HTTPSConnection object at 0x7efc3912ede0>: Failed to resolve 'nonexistent.example.com' ([Errno -5] No address associated with hostname)"))
2026-01-30 07:25:09,205 - services.pptx_service - INFO - ⬇️ Downloading image (attempt 3/3): https://nonexistent.example.com/image.jpg...
2026-01-30 07:25:09,206 - services.pptx_service - ERROR - ❌ Download error (attempt 3/3): HTTPSConnectionPool(host='nonexistent.example.com', port=443): Max retries exceeded with url: /image.jpg (Caused by NameResolutionError("<urllib3.connection.HTTPSConnection object at 0x7efc3912e690>: Failed to resolve 'nonexistent.example.com' ([Errno -5] No address associated with hostname)"))
2026-01-30 07:25:09,207 - services.pptx_service - ERROR - ❌ Failed to download image after 3 attempts: https://nonexistent.example.com/image.jpg...
2026-01-30 07:25:09,207 - services.pptx_service - INFO -    ✅ Slide 1 created successfully
2026-01-30 07:25:09,212 - services.pptx_service - INFO - ================================================================================
2026-01-30 07:25:09,212 - services.pptx_service - INFO - ✅ PRESENTATION GENERATION COMPLETED
2026-01-30 07:25:09,212 - services.pptx_service - INFO - ================================================================================

2026-01-30 07:25:09,212 - services.pptx_service - INFO - 🚀 PPTXService initialized
2026-01-30 08:04:06,754 - services.pptx_service - INFO - 🚀 PPTXService initialized
2026-01-30 08:04:06,754 - services.pptx_service - INFO - 
================================================================================
2026-01-30 08:04:06,754 - services.pptx_service - INFO - 🎨 STARTING PRESENTATION GENERATION
2026-01-30 08:04:06,754 - services.pptx_service - INFO - ================================================================================
2026-01-30 08:04:06,759 - services.pptx_service - INFO - 🎨 Theme: Dialogue
2026-01-30 08:04:06,759 - services.pptx_service - INFO - 📊 Total slides to generate: 1
2026-01-30 08:04:06,759 - services.pptx_service - INFO - 
📄 Slide 1: HERO
2026-01-30 08:04:06,759 - services.pptx_service - INFO -    Title: Introduction to Republic Day
2026-01-30 08:04:06,760 - services.pptx_service - INFO - 🔧 Original URL: https://via.placeholder.com/1920x1080
2026-01-30 08:04:06,760 - services.pptx_service - INFO - ✅ Sanitized URL: https://via.placeholder.com/1920x1080
2026-01-30 08:04:06,760 - services.pptx_service - INFO - ⬇️ Downloading image (attempt 1/3): https://via.placeholder.com/1920x1080...
2026-01-30 08:04:06,762 - services.pptx_service - ERROR - ❌ Download error (attempt 1/3): HTTPSConnectionPool(host='via.placeholder.com', port=443): Max retries exceeded with url: /1920x1080 (Caused by NameResolutionError("<urllib3.connection.HTTPSConnection object at 0x7fde78563f50>: Failed to resolve 'via.placeholder.com' ([Errno -5] No address associated with hostname)"))
2026-01-30 08:04:06,762 - services.pptx_service - INFO - ⬇️ Downloading image (attempt 2/3): https://via.placeholder.com/1920x1080...
2026-01-30 08:04:06,763 - services.pptx_service - ERROR - ❌ Download error (attempt 2/3): HTTPSConnectionPool(host='via.placeholder.com', port=443): Max retries exceeded with url: /1920x1080 (Caused by NameResolutionError("<urllib3.connection.HTTPSConnection object at 0x7fde782b8080>: Failed to resolve 'via.placeholder.com' ([Errno -5] No address associated with hostname)"))
2026-01-30 08:04:06,763 - services.pptx_service - INFO - ⬇️ Downloading image (attempt 3/3): https://via.placeholder.com/1920x1080...
2026-01-30 08:04:06,764 - services.pptx_service - ERROR - ❌ Download error (attempt 3/3): HTTPSConnectionPool(host='via.placeholder.com', port=443): Max retries exceeded with url: /1920x1080 (Caused by NameResolutionError("<urllib3.connection.HTTPSConnection object at 0x7fde782ba240>: Failed to resolve 'via.placeholder.com' ([Errno -5] No address associated with hostname)"))
2026-01-30 08:04:06,764 - services.pptx_service - ERROR - ❌ Failed to download image after 3 attempts: https://via.placeholder.com/1920x1080...
2026-01-30 08:04:06,768 - services.pptx_service - INFO -    ✅ Slide 1 created successfully
2026-01-30 08:04:06,773 - services.pptx_service - INFO - ================================================================================
2026-01-30 08:04:06,773 - services.pptx_service - INFO - ✅ PRESENTATION GENERATION COMPLETED
2026-01-30 08:04:06,773 - services.pptx_service - INFO - ================================================================================

2026-01-30 08:04:06,777 - services.pptx_service - INFO - 🚀 PPTXService initialized
2026-01-30 08:04:06,777 - services.pptx_service - INFO - 
================================================================================
2026-01-30 08:04:06,777 - services.pptx_service - INFO - 🎨 STARTING PRESENTATION GENERATION
2026-01-30 08:04:06,777 - services.pptx_service - INFO - ================================================================================
2026-01-30 08:04:06,781 - services.pptx_service - INFO - 🎨 Theme: Dialogue
2026-01-30 08:04:06,781 - services.pptx_service - INFO - 📊 Total slides to generate: 1
2026-01-30 08:04:06,781 - services.pptx_service - INFO - 
📄 Slide 1: HERO
2026-01-30 08:04:06,781 - services.pptx_service - INFO -    Title: Test Title
2026-01-30 08:04:06,785 - services.pptx_service - INFO -    ✅ Slide 1 created successfully
2026-01-30 08:04:06,790 - services.pptx_service - INFO - ================================================================================
2026-01-30 08:04:06,790 - services.pptx_service - INFO - ✅ PRESENTATION GENERATION COMPLETED
2026-01-30 08:04:06,790 - services.pptx_service - INFO - ================================================================================

2026-01-30 08:04:06,794 - services.pptx_service - INFO - 🚀 PPTXService initialized
2026-01-30 08:04:06,794 - services.pptx_service - INFO - 
================================================================================
2026-01-30 08:04:06,794 - services.pptx_service - INFO - 🎨 STARTING PRESENTATION GENERATION
2026-01-30 08:04:06,794 - services.pptx_service - INFO - ================================================================================
2026-01-30 08:04:06,798 - services.pptx_service - INFO - 🎨 Theme: Dialogue
2026-01-30 08:04:06,798 - services.pptx_service - INFO - 📊 Total slides to generate: 1
2026-01-30 08:04:06,798 - services.pptx_service - INFO - 
📄 Slide 1: STANDARD
2026-01-30 08:04:06,798 - services.pptx_service - INFO -    Title: Key Traditions
2026-01-30 08:04:06,801 - services.pptx_service - INFO - 🔧 Original URL: https://via.placeholder.com/800x600
2026-01-30 08:04:06,801 - services.pptx_service - INFO - ✅ Sanitized URL: https://via.placeholder.com/800x600
2026-01-30 08:04:06,801 - services.pptx_service - INFO - ⬇️ Downloading image (attempt 1/3): https://via.placeholder.com/800x600...
2026-01-30 08:04:06,802 - services.pptx_service - ERROR - ❌ Download error (attempt 1/3): HTTPSConnectionPool(host='via.placeholder.com', port=443): Max retries exceeded with url: /800x600 (Caused by NameResolutionError("<urllib3.connection.HTTPSConnection object at 0x7fde782fb260>: Failed to resolve 'via.placeholder.com' ([Errno -5] No address associated with hostname)"))
2026-01-30 08:04:06,802 - services.pptx_service - INFO - ⬇️ Downloading image (attempt 2/3): https://via.placeholder.com/800x600...
2026-01-30 08:04:06,803 - services.pptx_service - ERROR - ❌ Download error (attempt 2/3): HTTPSConnectionPool(host='via.placeholder.com', port=443): Max retries exceeded with url: /800x600 (Caused by NameResolutionError("<urllib3.connection.HTTPSConnection object at 0x7fde782dbd40>: Failed to resolve 'via.placeholder.com' ([Errno -5] No address associated with hostname)"))
2026-01-30 08:04:06,804 - services.pptx_service - INFO - ⬇️ Downloading image (attempt 3/3): https://via.placeholder.com/800x600...
2026-01-30 08:04:06,805 - services.pptx_service - ERROR - ❌ Download error (attempt 3/3): HTTPSConnectionPool(host='via.placeholder.com', port=443): Max retries exceeded with url: /800x600 (Caused by NameResolutionError("<urllib3.connection.HTTPSConnection object at 0x7fde782dbbf0>: Failed to resolve 'via.placeholder.com' ([Errno -5] No address associated with hostname)"))
2026-01-30 08:04:06,805 - services.pptx_service - ERROR - ❌ Failed to download image after 3 attempts: https://via.placeholder.com/800x600...
2026-01-30 08:04:06,805 - services.pptx_service - INFO -    ✅ Slide 1 created successfully
2026-01-30 08:04:06,810 - services.pptx_service - INFO - ================================================================================
2026-01-30 08:04:06,810 - services.pptx_service - INFO - ✅ PRESENTATION GENERATION COMPLETED
2026-01-30 08:04:06,810 - services.pptx_service - INFO - ================================================================================

2026-01-30 08:04:06,814 - services.pptx_service - INFO - 🚀 PPTXService initialized
2026-01-30 08:04:06,814 - services.pptx_service - INFO - 
================================================================================
2026-01-30 08:04:06,814 - services.pptx_service - INFO - 🎨 STARTING PRESENTATION GENERATION
2026-01-30 08:04:06,814 - services.pptx_service - INFO - ================================================================================
2026-01-30 08:04:06,818 - services.pptx_service - INFO - 🎨 Theme: Dialogue
2026-01-30 08:04:06,818 - services.pptx_service - INFO - 📊 Total slides to generate: 1
2026-01-30 08:04:06,818 - services.pptx_service - INFO - 
📄 Slide 1: GRID_4
2026-01-30 08:04:06,818 - services.pptx_service - INFO -    Title: Importance of Republic Day
2026-01-30 08:04:06,824 - services.pptx_service - INFO -    ✅ Slide 1 created successfully
2026-01-30 08:04:06,829 - services.pptx_service - INFO - ================================================================================
2026-01-30 08:04:06,829 - services.pptx_service - INFO - ✅ PRESENTATION GENERATION COMPLETED
2026-01-30 08:04:06,830 - services.pptx_service - INFO - ================================================================================

2026-01-30 08:04:06,834 - services.pptx_service - INFO - 🚀 PPTXService initialized
2026-01-30 08:04:06,834 - services.pptx_service - INFO - 
================================================================================
2026-01-30 08:04:06,834 - services.pptx_service - INFO - 🎨 STARTING PRESENTATION GENERATION
2026-01-30 08:04:06,834 - services.pptx_service - INFO - ================================================================================
2026-01-30 08:04:06,839 - services.pptx_service - INFO - 🎨 Theme: Dialogue
2026-01-30 08:04:06,840 - services.pptx_service - INFO - 📊 Total slides to generate: 1
2026-01-30 08:04:06,840 - services.pptx_service - INFO - 
📄 Slide 1: GRID_4
2026-01-30 08:04:06,840 - services.pptx_service - INFO -    Title: Importance Test
2026-01-30 08:04:06,846 - services.pptx_service - INFO -    ✅ Slide 1 created successfully
2026-01-30 08:04:06,851 - services.pptx_service - INFO - ================================================================================
2026-01-30 08:04:06,851 - services.pptx_service - INFO - ✅ PRESENTATION GENERATION COMPLETED
2026-01-30 08:04:06,851 - services.pptx_service - INFO - ================================================================================

2026-01-30 08:04:06,855 - services.pptx_service - INFO - 🚀 PPTXService initialized
2026-01-30 08:04:06,855 - services.pptx_service - INFO - 
================================================================================
2026-01-30 08:04:06,855 - services.pptx_service - INFO - 🎨 STARTING PRESENTATION GENERATION
2026-01-30 08:04:06,855 - services.pptx_service - INFO - ================================================================================
2026-01-30 08:04:06,859 - services.pptx_service - INFO - 🎨 Theme: Dialogue
2026-01-30 08:04:06,859 - services.pptx_service - INFO - 📊 Total slides to generate: 1
2026-01-30 08:04:06,859 - services.pptx_service - INFO - 
📄 Slide 1: ROADMAP
2026-01-30 08:04:06,859 - services.pptx_service - INFO -    Title: Process/Roadmap
2026-01-30 08:04:06,860 - services.pptx_service - ERROR -    ❌ Error creating slide 1: type object 'MSO_LINE_DASH_STYLE' has no attribute 'STRAIGHT_CONNECTOR'
2026-01-30 08:04:06,867 - services.pptx_service - INFO - ================================================================================
2026-01-30 08:04:06,867 - services.pptx_service - INFO - ✅ PRESENTATION GENERATION COMPLETED
2026-01-30 08:04:06,867 - services.pptx_service - INFO - ================================================================================

2026-01-30 08:04:06,870 - services.pptx_service - INFO - 🚀 PPTXService initialized
2026-01-30 08:04:06,871 - services.pptx_service - INFO - 
================================================================================
2026-01-30 08:04:06,871 - services.pptx_service - INFO - 🎨 STARTING PRESENTATION GENERATION
2026-01-30 08:04:06,871 - services.pptx_service - INFO - ================================================================================
2026-01-30 08:04:06,874 - services.pptx_service - INFO - 🎨 Theme: Dialogue
2026-01-30 08:04:06,874 - services.pptx_service - INFO - 📊 Total slides to generate: 1
2026-01-30 08:04:06,874 - services.pptx_service - INFO - 
📄 Slide 1: ROADMAP
2026-01-30 08:04:06,874 - services.pptx_service - INFO -    Title: Test Roadmap
2026-01-30 08:04:06,876 - services.pptx_service - ERROR -    ❌ Error creating slide 1: type object 'MSO_LINE_DASH_STYLE' has no attribute 'STRAIGHT_CONNECTOR'
2026-01-30 08:04:06,882 - services.pptx_service - INFO - ================================================================================
2026-01-30 08:04:06,882 - services.pptx_service - INFO - ✅ PRESENTATION GENERATION COMPLETED
2026-01-30 08:04:06,882 - services.pptx_service - INFO - ================================================================================

2026-01-30 08:04:06,883 - services.pptx_service - INFO - 🚀 PPTXService initialized
2026-01-30 08:04:06,883 - services.pptx_service - INFO - 
================================================================================
2026-01-30 08:04:06,883 - services.pptx_service - INFO - 🎨 STARTING PRESENTATION GENERATION
2026-01-30 08:04:06,883 - services.pptx_service - INFO - ================================================================================
2026-01-30 08:04:06,886 - services.pptx_service - INFO - 🎨 Theme: Dialogue
2026-01-30 08:04:06,886 - services.pptx_service - INFO - 📊 Total slides to generate: 4
2026-01-30 08:04:06,886 - services.pptx_service - INFO - 
📄 Slide 1: HERO
2026-01-30 08:04:06,886 - services.pptx_service - INFO -    Title: Hero Slide
2026-01-30 08:04:06,887 - services.pptx_service - INFO - 🔧 Original URL: https://via.placeholder.com/1920x1080
2026-01-30 08:04:06,887 - services.pptx_service - INFO - ✅ Sanitized URL: https://via.placeholder.com/1920x1080
2026-01-30 08:04:06,887 - services.pptx_service - INFO - ⬇️ Downloading image (attempt 1/3): https://via.placeholder.com/1920x1080...
2026-01-30 08:04:06,888 - services.pptx_service - ERROR - ❌ Download error (attempt 1/3): HTTPSConnectionPool(host='via.placeholder.com', port=443): Max retries exceeded with url: /1920x1080 (Caused by NameResolutionError("<urllib3.connection.HTTPSConnection object at 0x7fde782da2d0>: Failed to resolve 'via.placeholder.com' ([Errno -5] No address associated with hostname)"))
2026-01-30 08:04:06,888 - services.pptx_service - INFO - ⬇️ Downloading image (attempt 2/3): https://via.placeholder.com/1920x1080...
2026-01-30 08:04:06,889 - services.pptx_service - ERROR - ❌ Download error (attempt 2/3): HTTPSConnectionPool(host='via.placeholder.com', port=443): Max retries exceeded with url: /1920x1080 (Caused by NameResolutionError("<urllib3.connection.HTTPSConnection object at 0x7fde782da7b0>: Failed to resolve 'via.placeholder.com' ([Errno -5] No address associated with hostname)"))
2026-01-30 08:04:06,889 - services.pptx_service - INFO - ⬇️ Downloading image (attempt 3/3): https://via.placeholder.com/1920x1080...
2026-01-30 08:04:06,890 - services.pptx_service - ERROR - ❌ Download error (attempt 3/3): HTTPSConnectionPool(host='via.placeholder.com', port=443): Max retries exceeded with url: /1920x1080 (Caused by NameResolutionError("<urllib3.connection.HTTPSConnection object at 0x7fde782d9880>: Failed to resolve 'via.placeholder.com' ([Errno -5] No address associated with hostname)"))
2026-01-30 08:04:06,890 - services.pptx_service - ERROR - ❌ Failed to download image after 3 attempts: https://via.placeholder.com/1920x1080...
2026-01-30 08:04:06,893 - services.pptx_service - INFO -    ✅ Slide 1 created successfully
2026-01-30 08:04:06,893 - services.pptx_service - INFO - 
📄 Slide 2: STANDARD
2026-01-30 08:04:06,893 - services.pptx_service - INFO -    Title: Standard Slide
2026-01-30 08:04:06,895 - services.pptx_service - INFO - 🔧 Original URL: https://via.placeholder.com/800x600
2026-01-30 08:04:06,895 - services.pptx_service - INFO - ✅ Sanitized URL: https://via.placeholder.com/800x600
2026-01-30 08:04:06,895 - services.pptx_service - INFO - ⬇️ Downloading image (attempt 1/3): https://via.placeholder.com/800x600...
2026-01-30 08:04:06,896 - services.pptx_service - ERROR - ❌ Download error (attempt 1/3): HTTPSConnectionPool(host='via.placeholder.com', port=443): Max retries exceeded with url: /800x600 (Caused by NameResolutionError("<urllib3.connection.HTTPSConnection object at 0x7fde782d9580>: Failed to resolve 'via.placeholder.com' ([Errno -5] No address associated with hostname)"))
2026-01-30 08:04:06,896 - services.pptx_service - INFO - ⬇️ Downloading image (attempt 2/3): https://via.placeholder.com/800x600...
2026-01-30 08:04:06,897 - services.pptx_service - ERROR - ❌ Download error (attempt 2/3): HTTPSConnectionPool(host='via.placeholder.com', port=443): Max retries exceeded with url: /800x600 (Caused by NameResolutionError("<urllib3.connection.HTTPSConnection object at 0x7fde782da2d0>: Failed to resolve 'via.placeholder.com' ([Errno -5] No address associated with hostname)"))
2026-01-30 08:04:06,898 - services.pptx_service - INFO - ⬇️ Downloading image (attempt 3/3): https://via.placeholder.com/800x600...
2026-01-30 08:04:06,899 - services.pptx_service - ERROR - ❌ Download error (attempt 3/3): HTTPSConnectionPool(host='via.placeholder.com', port=443): Max retries exceeded with url: /800x600 (Caused by NameResolutionError("<urllib3.connection.HTTPSConnection object at 0x7fde782d9fa0>: Failed to resolve 'via.placeholder.com' ([Errno -5] No address associated with hostname)"))
2026-01-30 08:04:06,899 - services.pptx_service - ERROR - ❌ Failed to download image after 3 attempts: https://via.placeholder.com/800x600...
2026-01-30 08:04:06,899 - services.pptx_service - INFO -    ✅ Slide 2 created successfully
2026-01-30 08:04:06,899 - services.pptx_service - INFO - 
📄 Slide 3: GRID_4
2026-01-30 08:04:06,899 - services.pptx_service - INFO -    Title: Grid Cards
2026-01-30 08:04:06,905 - services.pptx_service - INFO -    ✅ Slide 3 created successfully
2026-01-30 08:04:06,905 - services.pptx_service - INFO - 
📄 Slide 4: ROADMAP
2026-01-30 08:04:06,905 - services.pptx_service - INFO -    Title: Roadmap
2026-01-30 08:04:06,906 - services.pptx_service - ERROR -    ❌ Error creating slide 4: type object 'MSO_LINE_DASH_STYLE' has no attribute 'STRAIGHT_CONNECTOR'
2026-01-30 08:04:06,914 - services.pptx_service - INFO - ================================================================================
2026-01-30 08:04:06,914 - services.pptx_service - INFO - ✅ PRESENTATION GENERATION COMPLETED
2026-01-30 08:04:06,914 - services.pptx_service - INFO - ================================================================================

2026-01-30 08:04:41,613 - services.pptx_service - INFO - 🚀 PPTXService initialized
2026-01-30 08:04:41,613 - services.pptx_service - INFO - 
================================================================================
2026-01-30 08:04:41,613 - services.pptx_service - INFO - 🎨 STARTING PRESENTATION GENERATION
2026-01-30 08:04:41,613 - services.pptx_service - INFO - ================================================================================
2026-01-30 08:04:41,618 - services.pptx_service - INFO - 🎨 Theme: Dialogue
2026-01-30 08:04:41,618 - services.pptx_service - INFO - 📊 Total slides to generate: 1
2026-01-30 08:04:41,618 - services.pptx_service - INFO - 
📄 Slide 1: HERO
2026-01-30 08:04:41,618 - services.pptx_service - INFO -    Title: Introduction to Republic Day
2026-01-30 08:04:41,618 - services.pptx_service - INFO - 🔧 Original URL: https://via.placeholder.com/1920x1080
2026-01-30 08:04:41,618 - services.pptx_service - INFO - ✅ Sanitized URL: https://via.placeholder.com/1920x1080
2026-01-30 08:04:41,619 - services.pptx_service - INFO - ⬇️ Downloading image (attempt 1/3): https://via.placeholder.com/1920x1080...
2026-01-30 08:04:41,621 - services.pptx_service - ERROR - ❌ Download error (attempt 1/3): HTTPSConnectionPool(host='via.placeholder.com', port=443): Max retries exceeded with url: /1920x1080 (Caused by NameResolutionError("<urllib3.connection.HTTPSConnection object at 0x7f010e927ec0>: Failed to resolve 'via.placeholder.com' ([Errno -5] No address associated with hostname)"))
2026-01-30 08:04:41,621 - services.pptx_service - INFO - ⬇️ Downloading image (attempt 2/3): https://via.placeholder.com/1920x1080...
2026-01-30 08:04:41,622 - services.pptx_service - ERROR - ❌ Download error (attempt 2/3): HTTPSConnectionPool(host='via.placeholder.com', port=443): Max retries exceeded with url: /1920x1080 (Caused by NameResolutionError("<urllib3.connection.HTTPSConnection object at 0x7f010e6781d0>: Failed to resolve 'via.placeholder.com' ([Errno -5] No address associated with hostname)"))
2026-01-30 08:04:41,622 - services.pptx_service - INFO - ⬇️ Downloading image (attempt 3/3): https://via.placeholder.com/1920x1080...
2026-01-30 08:04:41,623 - services.pptx_service - ERROR - ❌ Download error (attempt 3/3): HTTPSConnectionPool(host='via.placeholder.com', port=443): Max retries exceeded with url: /1920x1080 (Caused by NameResolutionError("<urllib3.connection.HTTPSConnection object at 0x7f010e67a150>: Failed to resolve 'via.placeholder.com' ([Errno -5] No address associated with hostname)"))
2026-01-30 08:04:41,623 - services.pptx_service - ERROR - ❌ Failed to download image after 3 attempts: https://via.placeholder.com/1920x1080...
2026-01-30 08:04:41,626 - services.pptx_service - INFO -    ✅ Slide 1 created successfully
2026-01-30 08:04:41,632 - services.pptx_service - INFO - ================================================================================
2026-01-30 08:04:41,632 - services.pptx_service - INFO - ✅ PRESENTATION GENERATION COMPLETED
2026-01-30 08:04:41,632 - services.pptx_service - INFO - ================================================================================

2026-01-30 08:04:41,636 - services.pptx_service - INFO - 🚀 PPTXService initialized
2026-01-30 08:04:41,636 - services.pptx_service - INFO - 
================================================================================
2026-01-30 08:04:41,636 - services.pptx_service - INFO - 🎨 STARTING PRESENTATION GENERATION
2026-01-30 08:04:41,636 - services.pptx_service - INFO - ================================================================================
2026-01-30 08:04:41,640 - services.pptx_service - INFO - 🎨 Theme: Dialogue
2026-01-30 08:04:41,640 - services.pptx_service - INFO - 📊 Total slides to generate: 1
2026-01-30 08:04:41,640 - services.pptx_service - INFO - 
📄 Slide 1: HERO
2026-01-30 08:04:41,640 - services.pptx_service - INFO -    Title: Test Title
2026-01-30 08:04:41,643 - services.pptx_service - INFO -    ✅ Slide 1 created successfully
2026-01-30 08:04:41,648 - services.pptx_service - INFO - ================================================================================
2026-01-30 08:04:41,648 - services.pptx_service - INFO - ✅ PRESENTATION GENERATION COMPLETED
2026-01-30 08:04:41,648 - services.pptx_service - INFO - ================================================================================

2026-01-30 08:04:41,655 - services.pptx_service - INFO - 🚀 PPTXService initialized
2026-01-30 08:04:41,655 - services.pptx_service - INFO - 
================================================================================
2026-01-30 08:04:41,655 - services.pptx_service - INFO - 🎨 STARTING PRESENTATION GENERATION
2026-01-30 08:04:41,655 - services.pptx_service - INFO - ================================================================================
2026-01-30 08:04:41,659 - services.pptx_service - INFO - 🎨 Theme: Dialogue
2026-01-30 08:04:41,659 - services.pptx_service - INFO - 📊 Total slides to generate: 1
2026-01-30 08:04:41,659 - services.pptx_service - INFO - 
📄 Slide 1: STANDARD
2026-01-30 08:04:41,659 - services.pptx_service - INFO -    Title: Key Traditions
2026-01-30 08:04:41,662 - services.pptx_service - INFO - 🔧 Original URL: https://via.placeholder.com/800x600
2026-01-30 08:04:41,662 - services.pptx_service - INFO - ✅ Sanitized URL: https://via.placeholder.com/800x600
2026-01-30 08:04:41,662 - services.pptx_service - INFO - ⬇️ Downloading image (attempt 1/3): https://via.placeholder.com/800x600...
2026-01-30 08:04:41,663 - services.pptx_service - ERROR - ❌ Download error (attempt 1/3): HTTPSConnectionPool(host='via.placeholder.com', port=443): Max retries exceeded with url: /800x600 (Caused by NameResolutionError("<urllib3.connection.HTTPSConnection object at 0x7f010e6bb1a0>: Failed to resolve 'via.placeholder.com' ([Errno -5] No address associated with hostname)"))
2026-01-30 08:04:41,663 - services.pptx_service - INFO - ⬇️ Downloading image (attempt 2/3): https://via.placeholder.com/800x600...
2026-01-30 08:04:41,664 - services.pptx_service - ERROR - ❌ Download error (attempt 2/3): HTTPSConnectionPool(host='via.placeholder.com', port=443): Max retries exceeded with url: /800x600 (Caused by NameResolutionError("<urllib3.connection.HTTPSConnection object at 0x7f010e69fe60>: Failed to resolve 'via.placeholder.com' ([Errno -5] No address associated with hostname)"))
2026-01-30 08:04:41,664 - services.pptx_service - INFO - ⬇️ Downloading image (attempt 3/3): https://via.placeholder.com/800x600...
2026-01-30 08:04:41,665 - services.pptx_service - ERROR - ❌ Download error (attempt 3/3): HTTPSConnectionPool(host='via.placeholder.com', port=443): Max retries exceeded with url: /800x600 (Caused by NameResolutionError("<urllib3.connection.HTTPSConnection object at 0x7f010e69fd10>: Failed to resolve 'via.placeholder.com' ([Errno -5] No address associated with hostname)"))
2026-01-30 08:04:41,665 - services.pptx_service - ERROR - ❌ Failed to download image after 3 attempts: https://via.placeholder.com/800x600...
2026-01-30 08:04:41,665 - services.pptx_service - INFO -    ✅ Slide 1 created successfully
2026-01-30 08:04:41,671 - services.pptx_service - INFO - ================================================================================
2026-01-30 08:04:41,671 - services.pptx_service - INFO - ✅ PRESENTATION GENERATION COMPLETED
2026-01-30 08:04:41,671 - services.pptx_service - INFO - ================================================================================

2026-01-30 08:04:41,675 - services.pptx_service - INFO - 🚀 PPTXService initialized
2026-01-30 08:04:41,675 - services.pptx_service - INFO - 
================================================================================
2026-01-30 08:04:41,675 - services.pptx_service - INFO - 🎨 STARTING PRESENTATION GENERATION
2026-01-30 08:04:41,675 - services.pptx_service - INFO - ================================================================================
2026-01-30 08:04:41,679 - services.pptx_service - INFO - 🎨 Theme: Dialogue
2026-01-30 08:04:41,679 - services.pptx_service - INFO - 📊 Total slides to generate: 1
2026-01-30 08:04:41,679 - services.pptx_service - INFO - 
📄 Slide 1: GRID_4
2026-01-30 08:04:41,679 - services.pptx_service - INFO -    Title: Importance of Republic Day
2026-01-30 08:04:41,685 - services.pptx_service - INFO -    ✅ Slide 1 created successfully
2026-01-30 08:04:41,690 - services.pptx_service - INFO - ================================================================================
2026-01-30 08:04:41,690 - services.pptx_service - INFO - ✅ PRESENTATION GENERATION COMPLETED
2026-01-30 08:04:41,690 - services.pptx_service - INFO - ================================================================================

2026-01-30 08:04:41,694 - services.pptx_service - INFO - 🚀 PPTXService initialized
2026-01-30 08:04:41,694 - services.pptx_service - INFO - 
================================================================================
2026-01-30 08:04:41,694 - services.pptx_service - INFO - 🎨 STARTING PRESENTATION GENERATION
2026-01-30 08:04:41,694 - services.pptx_service - INFO - ================================================================================
2026-01-30 08:04:41,700 - services.pptx_service - INFO - 🎨 Theme: Dialogue
2026-01-30 08:04:41,701 - services.pptx_service - INFO - 📊 Total slides to generate: 1
2026-01-30 08:04:41,701 - services.pptx_service - INFO - 
📄 Slide 1: GRID_4
2026-01-30 08:04:41,701 - services.pptx_service - INFO -    Title: Importance Test
2026-01-30 08:04:41,707 - services.pptx_service - INFO -    ✅ Slide 1 created successfully
2026-01-30 08:04:41,712 - services.pptx_service - INFO - ================================================================================
2026-01-30 08:04:41,712 - services.pptx_service - INFO - ✅ PRESENTATION GENERATION COMPLETED
2026-01-30 08:04:41,712 - services.pptx_service - INFO - ================================================================================

2026-01-30 08:04:41,715 - services.pptx_service - INFO - 🚀 PPTXService initialized
2026-01-30 08:04:41,715 - services.pptx_service - INFO - 
================================================================================
2026-01-30 08:04:41,715 - services.pptx_service - INFO - 🎨 STARTING PRESENTATION GENERATION
2026-01-30 08:04:41,715 - services.pptx_service - INFO - ================================================================================
2026-01-30 08:04:41,719 - services.pptx_service - INFO - 🎨 Theme: Dialogue
2026-01-30 08:04:41,719 - services.pptx_service - INFO - 📊 Total slides to generate: 1
2026-01-30 08:04:41,719 - services.pptx_service - INFO - 
📄 Slide 1: ROADMAP
2026-01-30 08:04:41,719 - services.pptx_service - INFO -    Title: Process/Roadmap
2026-01-30 08:04:41,728 - services.pptx_service - INFO -    ✅ Slide 1 created successfully
2026-01-30 08:04:41,734 - services.pptx_service - INFO - ================================================================================
2026-01-30 08:04:41,734 - services.pptx_service - INFO - ✅ PRESENTATION GENERATION COMPLETED
2026-01-30 08:04:41,734 - services.pptx_service - INFO - ================================================================================

2026-01-30 08:04:41,737 - services.pptx_service - INFO - 🚀 PPTXService initialized
2026-01-30 08:04:41,737 - services.pptx_service - INFO - 
================================================================================
2026-01-30 08:04:41,737 - services.pptx_service - INFO - 🎨 STARTING PRESENTATION GENERATION
2026-01-30 08:04:41,737 - services.pptx_service - INFO - ================================================================================
2026-01-30 08:04:41,741 - services.pptx_service - INFO - 🎨 Theme: Dialogue
2026-01-30 08:04:41,741 - services.pptx_service - INFO - 📊 Total slides to generate: 1
2026-01-30 08:04:41,741 - services.pptx_service - INFO - 
📄 Slide 1: ROADMAP
2026-01-30 08:04:41,741 - services.pptx_service - INFO -    Title: Test Roadmap
2026-01-30 08:04:41,750 - services.pptx_service - INFO -    ✅ Slide 1 created successfully
2026-01-30 08:04:41,755 - services.pptx_service - INFO - ================================================================================
2026-01-30 08:04:41,755 - services.pptx_service - INFO - ✅ PRESENTATION GENERATION COMPLETED
2026-01-30 08:04:41,755 - services.pptx_service - INFO - ================================================================================

2026-01-30 08:04:41,755 - services.pptx_service - INFO - 🚀 PPTXService initialized
2026-01-30 08:04:41,756 - services.pptx_service - INFO - 
================================================================================
2026-01-30 08:04:41,756 - services.pptx_service - INFO - 🎨 STARTING PRESENTATION GENERATION
2026-01-30 08:04:41,756 - services.pptx_service - INFO - ================================================================================
2026-01-30 08:04:41,759 - services.pptx_service - INFO - 🎨 Theme: Dialogue
2026-01-30 08:04:41,759 - services.pptx_service - INFO - 📊 Total slides to generate: 4
2026-01-30 08:04:41,759 - services.pptx_service - INFO - 
📄 Slide 1: HERO
2026-01-30 08:04:41,759 - services.pptx_service - INFO -    Title: Hero Slide
2026-01-30 08:04:41,759 - services.pptx_service - INFO - 🔧 Original URL: https://via.placeholder.com/1920x1080
2026-01-30 08:04:41,760 - services.pptx_service - INFO - ✅ Sanitized URL: https://via.placeholder.com/1920x1080
2026-01-30 08:04:41,760 - services.pptx_service - INFO - ⬇️ Downloading image (attempt 1/3): https://via.placeholder.com/1920x1080...
2026-01-30 08:04:41,761 - services.pptx_service - ERROR - ❌ Download error (attempt 1/3): HTTPSConnectionPool(host='via.placeholder.com', port=443): Max retries exceeded with url: /1920x1080 (Caused by NameResolutionError("<urllib3.connection.HTTPSConnection object at 0x7f010e69ec60>: Failed to resolve 'via.placeholder.com' ([Errno -5] No address associated with hostname)"))
2026-01-30 08:04:41,761 - services.pptx_service - INFO - ⬇️ Downloading image (attempt 2/3): https://via.placeholder.com/1920x1080...
2026-01-30 08:04:41,762 - services.pptx_service - ERROR - ❌ Download error (attempt 2/3): HTTPSConnectionPool(host='via.placeholder.com', port=443): Max retries exceeded with url: /1920x1080 (Caused by NameResolutionError("<urllib3.connection.HTTPSConnection object at 0x7f010e69f3b0>: Failed to resolve 'via.placeholder.com' ([Errno -5] No address associated with hostname)"))
2026-01-30 08:04:41,762 - services.pptx_service - INFO - ⬇️ Downloading image (attempt 3/3): https://via.placeholder.com/1920x1080...
2026-01-30 08:04:41,763 - services.pptx_service - ERROR - ❌ Download error (attempt 3/3): HTTPSConnectionPool(host='via.placeholder.com', port=443): Max retries exceeded with url: /1920x1080 (Caused by NameResolutionError("<urllib3.connection.HTTPSConnection object at 0x7f010e6dd310>: Failed to resolve 'via.placeholder.com' ([Errno -5] No address associated with hostname)"))
2026-01-30 08:04:41,763 - services.pptx_service - ERROR - ❌ Failed to download image after 3 attempts: https://via.placeholder.com/1920x1080...
2026-01-30 08:04:41,766 - services.pptx_service - INFO -    ✅ Slide 1 created successfully
2026-01-30 08:04:41,766 - services.pptx_service - INFO - 
📄 Slide 2: STANDARD
2026-01-30 08:04:41,766 - services.pptx_service - INFO -    Title: Standard Slide
2026-01-30 08:04:41,768 - services.pptx_service - INFO - 🔧 Original URL: https://via.placeholder.com/800x600
2026-01-30 08:04:41,768 - services.pptx_service - INFO - ✅ Sanitized URL: https://via.placeholder.com/800x600
2026-01-30 08:04:41,768 - services.pptx_service - INFO - ⬇️ Downloading image (attempt 1/3): https://via.placeholder.com/800x600...
2026-01-30 08:04:41,769 - services.pptx_service - ERROR - ❌ Download error (attempt 1/3): HTTPSConnectionPool(host='via.placeholder.com', port=443): Max retries exceeded with url: /800x600 (Caused by NameResolutionError("<urllib3.connection.HTTPSConnection object at 0x7f010e69f890>: Failed to resolve 'via.placeholder.com' ([Errno -5] No address associated with hostname)"))
2026-01-30 08:04:41,769 - services.pptx_service - INFO - ⬇️ Downloading image (attempt 2/3): https://via.placeholder.com/800x600...
2026-01-30 08:04:41,770 - services.pptx_service - ERROR - ❌ Download error (attempt 2/3): HTTPSConnectionPool(host='via.placeholder.com', port=443): Max retries exceeded with url: /800x600 (Caused by NameResolutionError("<urllib3.connection.HTTPSConnection object at 0x7f010e69d880>: Failed to resolve 'via.placeholder.com' ([Errno -5] No address associated with hostname)"))
2026-01-30 08:04:41,770 - services.pptx_service - INFO - ⬇️ Downloading image (attempt 3/3): https://via.placeholder.com/800x600...
2026-01-30 08:04:41,771 - services.pptx_service - ERROR - ❌ Download error (attempt 3/3): HTTPSConnectionPool(host='via.placeholder.com', port=443): Max retries exceeded with url: /800x600 (Caused by NameResolutionError("<urllib3.connection.HTTPSConnection object at 0x7f010e69dd00>: Failed to resolve 'via.placeholder.com' ([Errno -5] No address associated with hostname)"))
2026-01-30 08:04:41,772 - services.pptx_service - ERROR - ❌ Failed to download image after 3 attempts: https://via.placeholder.com/800x600...
2026-01-30 08:04:41,772 - services.pptx_service - INFO -    ✅ Slide 2 created successfully
2026-01-30 08:04:41,772 - services.pptx_service - INFO - 
📄 Slide 3: GRID_4
2026-01-30 08:04:41,772 - services.pptx_service - INFO -    Title: Grid Cards
2026-01-30 08:04:41,778 - services.pptx_service - INFO -    ✅ Slide 3 created successfully
2026-01-30 08:04:41,778 - services.pptx_service - INFO - 
📄 Slide 4: ROADMAP
2026-01-30 08:04:41,778 - services.pptx_service - INFO -    Title: Roadmap
2026-01-30 08:04:41,787 - services.pptx_service - INFO -    ✅ Slide 4 created successfully
2026-01-30 08:04:41,793 - services.pptx_service - INFO - ================================================================================
2026-01-30 08:04:41,793 - services.pptx_service - INFO - ✅ PRESENTATION GENERATION COMPLETED
2026-01-30 08:04:41,793 - services.pptx_service - INFO - ================================================================================

